2025-06-28 17:06:38 [main] INFO  com.ui.listeners.TestListeners - Test suite Started......
2025-06-28 17:06:58 [main] INFO  com.ui.listeners.TestListeners - loginTest
2025-06-28 17:06:58 [main] INFO  com.ui.listeners.TestListeners - Verifies login functionality with vaid credentias
2025-06-28 17:06:58 [main] INFO  com.ui.listeners.TestListeners - [e2e, sanity]
2025-06-28 17:07:03 [main] ERROR com.ui.listeners.TestListeners - loginTest FAILED
2025-06-28 17:07:03 [main] ERROR com.ui.listeners.TestListeners - no such element: Unable to locate element: {"method":"xpath","selector":"//a[@title='View my customer account']/span"}
  (Session info: chrome=137.0.7151.122)
For documentation on this error, please visit: https://www.selenium.dev/documentation/webdriver/troubleshooting/errors#no-such-element-exception
Build info: version: '4.25.0', revision: '8a8aea2337'
System info: os.name: 'Windows 10', os.arch: 'amd64', os.version: '10.0', java.version: '23.0.1'
Driver info: org.openqa.selenium.chrome.ChromeDriver
Command: [c05c83c0546de08d7de0008c47df12dc, findElement {value=//a[@title='View my customer account']/span, using=xpath}]
Capabilities {acceptInsecureCerts: false, browserName: chrome, browserVersion: 137.0.7151.122, chrome: {chromedriverVersion: 137.0.7151.119 (e0ac9d12dff..., userDataDir: C:\Users\hp\AppData\Local\T...}, fedcm:accounts: true, goog:chromeOptions: {debuggerAddress: localhost:58875}, networkConnectionEnabled: false, pageLoadStrategy: normal, platformName: windows, proxy: Proxy(), se:cdp: ws://localhost:58875/devtoo..., se:cdpVersion: 137.0.7151.122, setWindowRect: true, strictFileInteractability: false, timeouts: {implicit: 0, pageLoad: 300000, script: 30000}, unhandledPromptBehavior: dismiss and notify, webauthn:extension:credBlob: true, webauthn:extension:largeBlob: true, webauthn:extension:minPinLength: true, webauthn:extension:prf: true, webauthn:virtualAuthenticators: true}
Session ID: c05c83c0546de08d7de0008c47df12dc
2025-06-28 17:07:03 [main] INFO  com.ui.listeners.TestListeners - Attaching screenShort for the failed test case
2025-06-28 17:07:04 [main] INFO  com.ui.listeners.TestListeners - Attaching screenShort for the HTML file
2025-06-28 17:07:25 [main] INFO  com.ui.listeners.TestListeners - loginTest
2025-06-28 17:07:25 [main] INFO  com.ui.listeners.TestListeners - Verifies login functionality with vaid credentias
2025-06-28 17:07:25 [main] INFO  com.ui.listeners.TestListeners - [e2e, sanity]
2025-06-28 17:07:28 [main] INFO  com.ui.listeners.TestListeners - loginTest PASSED
2025-06-28 17:07:55 [main] INFO  com.ui.listeners.TestListeners - loginTestCSVData
2025-06-28 17:07:55 [main] INFO  com.ui.listeners.TestListeners - Verifies login functionality with vaid credentias
2025-06-28 17:07:55 [main] INFO  com.ui.listeners.TestListeners - [e2e, sanity]
2025-06-28 17:07:59 [main] ERROR com.ui.listeners.TestListeners - loginTestCSVData FAILED
2025-06-28 17:07:59 [main] ERROR com.ui.listeners.TestListeners - no such element: Unable to locate element: {"method":"xpath","selector":"//a[@title='View my customer account']/span"}
  (Session info: chrome=137.0.7151.122)
For documentation on this error, please visit: https://www.selenium.dev/documentation/webdriver/troubleshooting/errors#no-such-element-exception
Build info: version: '4.25.0', revision: '8a8aea2337'
System info: os.name: 'Windows 10', os.arch: 'amd64', os.version: '10.0', java.version: '23.0.1'
Driver info: org.openqa.selenium.chrome.ChromeDriver
Command: [40304656eb6a3cc8ad57c3d7eb11275d, findElement {value=//a[@title='View my customer account']/span, using=xpath}]
Capabilities {acceptInsecureCerts: false, browserName: chrome, browserVersion: 137.0.7151.122, chrome: {chromedriverVersion: 137.0.7151.119 (e0ac9d12dff..., userDataDir: C:\Users\hp\AppData\Local\T...}, fedcm:accounts: true, goog:chromeOptions: {debuggerAddress: localhost:58945}, networkConnectionEnabled: false, pageLoadStrategy: normal, platformName: windows, proxy: Proxy(), se:cdp: ws://localhost:58945/devtoo..., se:cdpVersion: 137.0.7151.122, setWindowRect: true, strictFileInteractability: false, timeouts: {implicit: 0, pageLoad: 300000, script: 30000}, unhandledPromptBehavior: dismiss and notify, webauthn:extension:credBlob: true, webauthn:extension:largeBlob: true, webauthn:extension:minPinLength: true, webauthn:extension:prf: true, webauthn:virtualAuthenticators: true}
Session ID: 40304656eb6a3cc8ad57c3d7eb11275d
2025-06-28 17:07:59 [main] INFO  com.ui.listeners.TestListeners - Attaching screenShort for the failed test case
2025-06-28 17:08:00 [main] INFO  com.ui.listeners.TestListeners - Attaching screenShort for the HTML file
2025-06-28 17:08:17 [main] INFO  com.ui.listeners.TestListeners - loginTestCSVData
2025-06-28 17:08:17 [main] INFO  com.ui.listeners.TestListeners - Verifies login functionality with vaid credentias
2025-06-28 17:08:17 [main] INFO  com.ui.listeners.TestListeners - [e2e, sanity]
2025-06-28 17:08:22 [main] INFO  com.ui.listeners.TestListeners - loginTestCSVData PASSED
2025-06-28 17:08:52 [main] INFO  com.ui.listeners.TestListeners - loginTestExcelData
2025-06-28 17:08:52 [main] INFO  com.ui.listeners.TestListeners - Verifies login functionality with vaid credentias
2025-06-28 17:08:52 [main] INFO  com.ui.listeners.TestListeners - [e2e, sanity]
2025-06-28 17:08:57 [main] ERROR com.ui.listeners.TestListeners - loginTestExcelData FAILED
2025-06-28 17:08:57 [main] ERROR com.ui.listeners.TestListeners - expected [Yogesh Tes] but found [Yogesh Test]
2025-06-28 17:08:57 [main] INFO  com.ui.listeners.TestListeners - Attaching screenShort for the failed test case
2025-06-28 17:08:58 [main] INFO  com.ui.listeners.TestListeners - Attaching screenShort for the HTML file
2025-06-28 17:08:59 [main] INFO  com.ui.listeners.TestListeners - Test Suite Completed...!
